<?xml version="1.0" encoding="UTF-8"?>
<testsuite name="io.github.ericdriggs.reportcard.xml.surefire.SurefireUnmarshallTest" tests="1" skipped="0" failures="0" errors="0" timestamp="2023-01-27T17:03:31" hostname="MAC-W43G39" time="0.007">
  <properties/>
  <testcase name="unmarshallXml()" classname="io.github.ericdriggs.reportcard.xml.surefire.SurefireUnmarshallTest" time="0.007"/>
  <system-out><![CDATA[Testsuite(properties=[Properties(property=[Property(name=surefire.version, value=2.13-SNAPSHOT), Property(name=java.runtime.name, value=Java(TM) SE Runtime Environment), Property(name=sun.boot.library.path, value=c:\java\jdk1.7.0_09\jre\bin), Property(name=java.vm.version, value=23.5-b02), Property(name=user.country.format, value=NO), Property(name=java.vm.vendor, value=Oracle Corporation), Property(name=java.vendor.url, value=http://java.oracle.com/), Property(name=path.separator, value=;), Property(name=guice.disable.misplaced.annotation.check, value=true), Property(name=java.vm.name, value=Java HotSpot(TM) 64-Bit Server VM), Property(name=file.encoding.pkg, value=sun.io), Property(name=user.script, value=), Property(name=user.country, value=US), Property(name=sun.java.launcher, value=SUN_STANDARD), Property(name=sun.os.patch.level, value=Service Pack 1), Property(name=java.vm.specification.name, value=Java Virtual Machine Specification), Property(name=user.dir, value=c:\workspace\maven-surefire\surefire-integration-tests\src\test\resources\surefire-803-multiFailsafeExec-failureInFirst), Property(name=java.runtime.version, value=1.7.0_09-b05), Property(name=java.awt.graphicsenv, value=sun.awt.Win32GraphicsEnvironment), Property(name=java.endorsed.dirs, value=c:\java\jdk1.7.0_09\jre\lib\endorsed), Property(name=os.arch, value=amd64), Property(name=java.io.tmpdir, value=C:\Users\krose\AppData\Local\Temp\), Property(name=line.separator, value=), Property(name=java.vm.specification.vendor, value=Oracle Corporation), Property(name=user.variant, value=), Property(name=os.name, value=Windows 7), Property(name=classworlds.conf, value=c:/java/apache-maven-3.0.4/bin/m2.conf), Property(name=sun.jnu.encoding, value=Cp1252), Property(name=java.library.path, value=c:\java\jdk1.7.0_09\bin;C:\Windows\Sun\Java\bin;C:\Windows\system32;C:\Windows;x:\bin;.;C:\java\Git\local\bin;C:\java\Git\mingw\bin;C:\java\Git\bin;c:\java\jdk1.7.0_09\bin;c:\java\Subversion;c:\Program Files\Common Files\Microsoft Shared\Microsoft Online Services;c:\Program Files (x86)\Common Files\Microsoft Shared\Microsoft Online Services;c:\Windows\system32;c:\Windows;c:\Windows\System32\Wbem;c:\Windows\System32\WindowsPowerShell\v1.0\;c:\java\jdk1.7.0_09\bin;c:\java\Subversion;c:\Program Files\Common Files\Microsoft Shared\Microsoft Online Services;c:\Program Files (x86)\Common Files\Microsoft Shared\Microsoft Online Services;c:\Windows\system32;c:\Windows;c:\Windows\System32\Wbem;c:\Windows\System32\WindowsPowerShell\v1.0\;c:\java\bin;.), Property(name=java.specification.name, value=Java Platform API Specification), Property(name=java.class.version, value=51.0), Property(name=sun.management.compiler, value=HotSpot 64-Bit Tiered Compilers), Property(name=os.version, value=6.1), Property(name=user.home, value=C:\Users\krose), Property(name=user.timezone, value=Europe/Paris), Property(name=java.awt.printerjob, value=sun.awt.windows.WPrinterJob), Property(name=java.specification.version, value=1.7), Property(name=file.encoding, value=Cp1252), Property(name=user.name, value=krose), Property(name=java.class.path, value=c:/java/apache-maven-3.0.4/boot/plexus-classworlds-2.4.jar), Property(name=java.vm.specification.version, value=1.7), Property(name=sun.arch.data.model, value=64), Property(name=java.home, value=c:\java\jdk1.7.0_09\jre), Property(name=sun.java.command, value=org.codehaus.plexus.classworlds.launcher.Launcher -Dsurefire.version=2.13-SNAPSHOT clean verify), Property(name=java.specification.vendor, value=Oracle Corporation), Property(name=user.language, value=en), Property(name=user.language.format, value=no), Property(name=awt.toolkit, value=sun.awt.windows.WToolkit), Property(name=java.vm.info, value=mixed mode), Property(name=java.version, value=1.7.0_09), Property(name=java.ext.dirs, value=c:\java\jdk1.7.0_09\jre\lib\ext;C:\Windows\Sun\Java\lib\ext), Property(name=sun.boot.class.path, value=c:\java\jdk1.7.0_09\jre\lib\resources.jar;c:\java\jdk1.7.0_09\jre\lib\rt.jar;c:\java\jdk1.7.0_09\jre\lib\sunrsasign.jar;c:\java\jdk1.7.0_09\jre\lib\jsse.jar;c:\java\jdk1.7.0_09\jre\lib\jce.jar;c:\java\jdk1.7.0_09\jre\lib\charsets.jar;c:\java\jdk1.7.0_09\jre\lib\jfr.jar;c:\java\jdk1.7.0_09\jre\classes), Property(name=java.vendor, value=Oracle Corporation), Property(name=maven.home, value=c:\java\apache-maven-3.0.4), Property(name=file.separator, value=\), Property(name=java.vendor.url.bug, value=http://bugreport.sun.com/bugreport/), Property(name=sun.cpu.endian, value=little), Property(name=sun.io.unicode.encoding, value=UnicodeLittle), Property(name=sun.desktop, value=windows), Property(name=sun.cpu.isalist, value=amd64)])], testcase=[Testcase(failure=null, rerunFailure=null, flakyFailure=null, skipped=javax.xml.bind.JAXBElement@3d9f0a5, error=null, rerunError=null, flakyError=null, systemOut=null, systemErr=null, name=someSkippedTestCase, classname=org.apache.maven.surefire.test.Skipped, group=null, time=0.001), Testcase(failure=[Failure(value=java.lang.AssertionError:
            Expected: "wrong"
            got: "value"

            at org.junit.Assert.assertThat(Assert.java:778)
            at org.junit.Assert.assertThat(Assert.java:736)
            at org.apache.maven.surefire.test.FailingTest.defaultTestValueIs_Value(FailingTest.java:23)
            at sun.reflect.NativeMethodAccessorImpl.invoke0(Native Method)
            at sun.reflect.NativeMethodAccessorImpl.invoke(NativeMethodAccessorImpl.java:57)
            at sun.reflect.DelegatingMethodAccessorImpl.invoke(DelegatingMethodAccessorImpl.java:43)
            at java.lang.reflect.Method.invoke(Method.java:601)
            at org.junit.runners.model.FrameworkMethod$1.runReflectiveCall(FrameworkMethod.java:44)
            at org.junit.internal.runners.model.ReflectiveCallable.run(ReflectiveCallable.java:15)
            at org.junit.runners.model.FrameworkMethod.invokeExplosively(FrameworkMethod.java:41)
            at org.junit.internal.runners.statements.InvokeMethod.evaluate(InvokeMethod.java:20)
            at org.junit.internal.runners.statements.RunAfters.evaluate(RunAfters.java:31)
            at org.junit.rules.TestWatchman$1.evaluate(TestWatchman.java:48)
            at org.junit.runners.BlockJUnit4ClassRunner.runNotIgnored(BlockJUnit4ClassRunner.java:79)
            at org.junit.runners.BlockJUnit4ClassRunner.runChild(BlockJUnit4ClassRunner.java:71)
            at org.junit.runners.BlockJUnit4ClassRunner.runChild(BlockJUnit4ClassRunner.java:49)
            at org.junit.runners.ParentRunner$3.run(ParentRunner.java:193)
            at org.junit.runners.ParentRunner$1.schedule(ParentRunner.java:52)
            at org.junit.runners.ParentRunner.runChildren(ParentRunner.java:191)
            at org.junit.runners.ParentRunner.access$000(ParentRunner.java:42)
            at org.junit.runners.ParentRunner$2.evaluate(ParentRunner.java:184)
            at org.junit.runners.ParentRunner.run(ParentRunner.java:236)
            at org.apache.maven.surefire.junit4.JUnit4Provider.execute(JUnit4Provider.java:262)
            at org.apache.maven.surefire.junit4.JUnit4Provider.executeTestSet(JUnit4Provider.java:151)
            at org.apache.maven.surefire.junit4.JUnit4Provider.invoke(JUnit4Provider.java:122)
            at sun.reflect.NativeMethodAccessorImpl.invoke0(Native Method)
            at sun.reflect.NativeMethodAccessorImpl.invoke(NativeMethodAccessorImpl.java:57)
            at sun.reflect.DelegatingMethodAccessorImpl.invoke(DelegatingMethodAccessorImpl.java:43)
            at java.lang.reflect.Method.invoke(Method.java:601)
            at org.apache.maven.surefire.util.ReflectionUtils.invokeMethodWithArray(ReflectionUtils.java:189)
            at org.apache.maven.surefire.booter.ProviderFactory$ProviderProxy.invoke(ProviderFactory.java:165)
            at org.apache.maven.surefire.booter.ProviderFactory.invokeProvider(ProviderFactory.java:85)
            at org.apache.maven.surefire.booter.ForkedBooter.runSuitesInProcess(ForkedBooter.java:128)
            at org.apache.maven.surefire.booter.ForkedBooter.main(ForkedBooter.java:88)
        , message= Expected: "wrong"      got: "value" , type=java.lang.AssertionError)], rerunFailure=null, flakyFailure=null, skipped=null, error=null, rerunError=null, flakyError=null, systemOut=null, systemErr=null, name=defaultTestValueIs_Value, classname=org.apache.maven.surefire.test.FailingTest, group=null, time=0.013), Testcase(failure=null, rerunFailure=null, flakyFailure=null, skipped=null, error=javax.xml.bind.JAXBElement@1953bc95, rerunError=null, flakyError=null, systemOut=null, systemErr=null, name=setTestAndRetrieveValue, classname=org.apache.maven.surefire.test.Error, group=null, time=0.001)], name=org.apache.maven.surefire.test.FailingTest, time=0.014, tests=3, errors=1, skipped=1, failures=1, group=null)
]]></system-out>
  <system-err><![CDATA[]]></system-err>
</testsuite>
